{"user": "test50", "sex": "\uc5ec\uc131", "age": 26, "message": "199 detail", "asctime": "2023-12-18 06:49:52,072", "funcName": "post_detail"}
{"user": "test50", "sex": "\uc5ec\uc131", "age": 26, "message": "mainpage", "asctime": "2023-12-18 06:49:53,882", "funcName": "index"}
{"user": "test50", "sex": "\uc5ec\uc131", "age": 26, "message": "206 detail", "asctime": "2023-12-18 06:49:55,314", "funcName": "post_detail"}
{"user": "test50", "sex": "\uc5ec\uc131", "age": 26, "message": "mainpage", "asctime": "2023-12-18 06:49:56,356", "funcName": "index"}
{"user": "test50", "sex": "\uc5ec\uc131", "age": 26, "message": "mainpage", "asctime": "2023-12-18 06:49:56,963", "funcName": "index"}
{"user": "test50", "sex": "\uc5ec\uc131", "age": 26, "message": "mainpage", "asctime": "2023-12-18 06:49:57,989", "funcName": "index"}
{"user": "test50", "sex": "\uc5ec\uc131", "age": 26, "message": "cate3", "asctime": "2023-12-18 06:50:00,519", "funcName": "index_cate3_1"}
{"user": "test50", "sex": "\uc5ec\uc131", "age": 26, "message": "cate2", "asctime": "2023-12-18 06:50:03,408", "funcName": "index_cate2_1"}
{"user": "test50", "sex": "\uc5ec\uc131", "age": 26, "message": "cate1", "asctime": "2023-12-18 06:50:05,807", "funcName": "index_cate1_1"}
{"user": "test50", "sex": "\uc5ec\uc131", "age": 26, "message": "30 detail", "asctime": "2023-12-18 06:50:08,008", "funcName": "post_detail"}
{"user": "test50", "sex": "\uc5ec\uc131", "age": 26, "message": "30 bookmarkadd", "asctime": "2023-12-18 06:50:09,360", "funcName": "bookmark"}
{"user": "test50", "sex": "\uc5ec\uc131", "age": 26, "message": "mainpage", "asctime": "2023-12-18 06:50:09,475", "funcName": "index"}
{"user": "test50", "sex": "\uc5ec\uc131", "age": 26, "message": "mypage", "asctime": "2023-12-18 06:50:10,571", "funcName": "mypage"}
{"user": "test50", "sex": "\uc5ec\uc131", "age": 26, "message": "mypagebookmark", "asctime": "2023-12-18 06:50:12,161", "funcName": "bookmark_list"}
{"user": "test50", "sex": "\uc5ec\uc131", "age": 26, "message": "207 detail", "asctime": "2023-12-18 06:50:13,188", "funcName": "post_detail"}
{"user": "test50", "sex": "\uc5ec\uc131", "age": 26, "message": "194 detail", "asctime": "2023-12-18 06:50:16,105", "funcName": "post_detail"}
{"user": "test50", "sex": "\uc5ec\uc131", "age": 26, "message": "mainpage", "asctime": "2023-12-18 06:50:18,683", "funcName": "index"}
{"user": "test51", "sex": "\uc5ec\uc131", "age": 40, "message": "singupend", "asctime": "2023-12-18 06:52:27,649", "funcName": "signup"}
{"user": "test51", "sex": "\uc5ec\uc131", "age": 40, "message": "20 detail", "asctime": "2023-12-18 06:52:32,722", "funcName": "post_detail"}
{"user": "test51", "sex": "\uc5ec\uc131", "age": 40, "message": "mainpage", "asctime": "2023-12-18 06:52:35,655", "funcName": "index"}
{"user": "test51", "sex": "\uc5ec\uc131", "age": 40, "message": "mainpage", "asctime": "2023-12-18 06:52:37,302", "funcName": "index"}
{"user": "test51", "sex": "\uc5ec\uc131", "age": 40, "message": "write start", "asctime": "2023-12-18 06:52:39,771", "funcName": "create"}
{"user": "test51", "sex": "\uc5ec\uc131", "age": 40, "message": "mainpage", "asctime": "2023-12-18 06:52:41,192", "funcName": "index"}
{"user": "test51", "sex": "\uc5ec\uc131", "age": 40, "message": "mainpage", "asctime": "2023-12-18 06:52:41,970", "funcName": "index"}
{"user": "test51", "sex": "\uc5ec\uc131", "age": 40, "message": "mypage", "asctime": "2023-12-18 06:52:44,777", "funcName": "mypage"}
{"user": "test51", "sex": "\uc5ec\uc131", "age": 40, "message": "mainpage", "asctime": "2023-12-18 06:52:45,896", "funcName": "index"}
{"user": "test51", "sex": "\uc5ec\uc131", "age": 40, "message": "202 detail", "asctime": "2023-12-18 06:52:56,608", "funcName": "post_detail"}
{"user": "test51", "sex": "\uc5ec\uc131", "age": 40, "message": "mainpage", "asctime": "2023-12-18 06:52:57,945", "funcName": "index"}
{"user": "test51", "sex": "\uc5ec\uc131", "age": 40, "message": "mainpage", "asctime": "2023-12-18 06:52:58,906", "funcName": "index"}
{"user": "test51", "sex": "\uc5ec\uc131", "age": 40, "message": "207 detail", "asctime": "2023-12-18 06:52:59,738", "funcName": "post_detail"}
{"user": "test51", "sex": "\uc5ec\uc131", "age": 40, "message": "mainpage", "asctime": "2023-12-18 06:53:00,911", "funcName": "index"}
{"user": "test51", "sex": "\uc5ec\uc131", "age": 40, "message": "mainpage", "asctime": "2023-12-18 06:53:01,964", "funcName": "index"}
{"user": "test51", "sex": "\uc5ec\uc131", "age": 40, "message": "207 detail", "asctime": "2023-12-18 06:53:06,262", "funcName": "post_detail"}
{"user": "test51", "sex": "\uc5ec\uc131", "age": 40, "message": "mainpage", "asctime": "2023-12-18 06:53:07,120", "funcName": "index"}
{"user": "test50", "sex": "\uc5ec\uc131", "age": 26, "message": "loginend", "asctime": "2023-12-18 06:54:12,142", "funcName": "login"}
{"user": "test50", "sex": "\uc5ec\uc131", "age": 26, "message": "mainpage", "asctime": "2023-12-18 06:54:12,259", "funcName": "index"}
{"user": "test50", "sex": "\uc5ec\uc131", "age": 26, "message": "206 detail", "asctime": "2023-12-18 06:54:13,469", "funcName": "post_detail"}
{"user": "test50", "sex": "\uc5ec\uc131", "age": 26, "message": "206 bookmarkadd", "asctime": "2023-12-18 06:54:14,471", "funcName": "bookmark"}
{"user": "test50", "sex": "\uc5ec\uc131", "age": 26, "message": "mainpage", "asctime": "2023-12-18 06:54:14,588", "funcName": "index"}
{"user": "test50", "sex": "\uc5ec\uc131", "age": 26, "message": "112 detail", "asctime": "2023-12-18 06:54:18,280", "funcName": "post_detail"}
{"user": "test50", "sex": "\uc5ec\uc131", "age": 26, "message": "mainpage", "asctime": "2023-12-18 06:54:19,951", "funcName": "index"}
{"user": "test50", "sex": "\uc5ec\uc131", "age": 26, "message": "mypage", "asctime": "2023-12-18 06:54:21,462", "funcName": "mypage"}
{"user": "test50", "sex": "\uc5ec\uc131", "age": 26, "message": "mainpage", "asctime": "2023-12-18 06:54:22,824", "funcName": "index"}
{"user": "test50", "sex": "\uc5ec\uc131", "age": 26, "message": "206 detail", "asctime": "2023-12-18 08:00:09,663", "funcName": "post_detail"}
{"user": "test50", "sex": "\uc5ec\uc131", "age": 26, "message": "mainpage", "asctime": "2023-12-18 08:00:09,909", "funcName": "index"}
{"user": "test50", "sex": "\uc5ec\uc131", "age": 26, "message": "175 detail", "asctime": "2023-12-18 08:00:12,422", "funcName": "post_detail"}
{"user": "test50", "sex": "\uc5ec\uc131", "age": 26, "message": "mypage", "asctime": "2023-12-18 08:00:13,750", "funcName": "mypage"}
{"user": "test50", "sex": "\uc5ec\uc131", "age": 26, "message": "mypagebookmark", "asctime": "2023-12-18 08:00:21,488", "funcName": "bookmark_list"}
{"user": "test50", "sex": "\uc5ec\uc131", "age": 26, "message": "194 detail", "asctime": "2023-12-18 08:00:22,837", "funcName": "post_detail"}
{"user": "test50", "sex": "\uc5ec\uc131", "age": 26, "message": "mainpage", "asctime": "2023-12-18 08:01:43,313", "funcName": "index"}
{"user": "test50", "sex": "\uc5ec\uc131", "age": 26, "message": "206 detail", "asctime": "2023-12-18 08:01:45,143", "funcName": "post_detail"}
{"user": "test52", "sex": "\ub0a8\uc131", "age": 30, "message": "singupend", "asctime": "2023-12-18 08:02:21,258", "funcName": "signup"}
{"user": "test52", "sex": "\ub0a8\uc131", "age": 30, "message": "50 detail", "asctime": "2023-12-18 08:02:27,713", "funcName": "post_detail"}
{"user": "test52", "sex": "\ub0a8\uc131", "age": 30, "message": "2 detail", "asctime": "2023-12-18 08:02:30,987", "funcName": "post_detail"}
{"user": "test52", "sex": "\ub0a8\uc131", "age": 30, "message": "mainpage", "asctime": "2023-12-18 08:02:35,741", "funcName": "index"}
{"user": "test52", "sex": "\ub0a8\uc131", "age": 30, "message": "mypage", "asctime": "2023-12-18 08:02:37,062", "funcName": "mypage"}
{"user": "test52", "sex": "\ub0a8\uc131", "age": 30, "message": "mainpage", "asctime": "2023-12-18 08:02:38,709", "funcName": "index"}
{"user": "test52", "sex": "\ub0a8\uc131", "age": 30, "message": "mainpage", "asctime": "2023-12-18 08:02:52,560", "funcName": "index"}
{"user": "test52", "sex": "\ub0a8\uc131", "age": 30, "message": "mainpage", "asctime": "2023-12-18 08:02:53,615", "funcName": "index"}
{"user": "test52", "sex": "\ub0a8\uc131", "age": 30, "message": "cate3", "asctime": "2023-12-18 08:02:56,128", "funcName": "index_cate3_1"}
{"user": "test52", "sex": "\ub0a8\uc131", "age": 30, "message": "cate3", "asctime": "2023-12-18 08:02:58,836", "funcName": "index_cate3_4"}
{"user": "test52", "sex": "\ub0a8\uc131", "age": 30, "message": "cate3 \ucc44\uc18c", "asctime": "2023-12-18 08:09:52,887", "funcName": "index_cate3_5"}
{"user": "test52", "sex": "\ub0a8\uc131", "age": 30, "message": "192 detail", "asctime": "2023-12-18 08:09:55,635", "funcName": "post_detail"}
{"user": "test52", "sex": "\ub0a8\uc131", "age": 30, "message": "cate3 \ubc00\uac00\ub8e8", "asctime": "2023-12-18 08:10:00,376", "funcName": "index_cate3_9"}
{"user": "test52", "sex": "\ub0a8\uc131", "age": 30, "message": "196 detail", "asctime": "2023-12-18 08:10:01,366", "funcName": "post_detail"}
{"user": "test52", "sex": "\ub0a8\uc131", "age": 30, "message": "cate1 \uc591\uc2dd", "asctime": "2023-12-18 08:10:04,758", "funcName": "index_cate1_2"}
{"user": "test52", "sex": "\ub0a8\uc131", "age": 30, "message": "cate1 \ud55c\uc2dd", "asctime": "2023-12-18 08:10:07,929", "funcName": "index_cate1_1"}
{"user": "test52", "sex": "\ub0a8\uc131", "age": 30, "message": "206 detail", "asctime": "2023-12-18 08:10:09,290", "funcName": "post_detail"}
{"user": "test52", "sex": "\ub0a8\uc131", "age": 30, "message": "mainpage", "asctime": "2023-12-18 08:10:11,741", "funcName": "index"}
{"user": "test52", "sex": "\ub0a8\uc131", "age": 30, "message": "174 detail", "asctime": "2023-12-18 08:10:13,948", "funcName": "post_detail"}
{"user": "test52", "sex": "\ub0a8\uc131", "age": 30, "message": "mainpage", "asctime": "2023-12-18 08:10:15,773", "funcName": "index"}
{"user": "test52", "sex": "\ub0a8\uc131", "age": 30, "message": "cate1 \ud55c\uc2dd", "asctime": "2023-12-18 08:10:18,463", "funcName": "index_cate1_1"}
{"user": "test52", "sex": "\ub0a8\uc131", "age": 30, "message": "205 detail", "asctime": "2023-12-18 08:10:19,723", "funcName": "post_detail"}
{"user": "test51", "sex": "\uc5ec\uc131", "age": 40, "message": "loginend", "asctime": "2023-12-18 08:10:29,616", "funcName": "login"}
{"user": "test51", "sex": "\uc5ec\uc131", "age": 40, "message": "mainpage", "asctime": "2023-12-18 08:10:29,743", "funcName": "index"}
{"user": "test51", "sex": "\uc5ec\uc131", "age": 40, "message": "cate2 \uc6d0\ud32c/\uc2a4\ud53c\ub514", "asctime": "2023-12-18 08:10:30,992", "funcName": "index_cate2_2"}
{"user": "test51", "sex": "\uc5ec\uc131", "age": 40, "message": "cate2 \uc6d0\ud32c/\uc2a4\ud53c\ub514", "asctime": "2023-12-18 08:10:32,311", "funcName": "index_cate2_2"}
{"user": "test51", "sex": "\uc5ec\uc131", "age": 40, "message": "cate1 \uc591\uc2dd", "asctime": "2023-12-18 08:10:33,590", "funcName": "index_cate1_2"}
{"user": "test51", "sex": "\uc5ec\uc131", "age": 40, "message": "cate1 \ud55c\uc2dd", "asctime": "2023-12-18 08:10:34,659", "funcName": "index_cate1_1"}
{"user": "test51", "sex": "\uc5ec\uc131", "age": 40, "message": "cate1 \uc77c\uc2dd", "asctime": "2023-12-18 08:10:35,942", "funcName": "index_cate1_3"}
{"user": "test51", "sex": "\uc5ec\uc131", "age": 40, "message": "cate1 \uc591\uc2dd", "asctime": "2023-12-18 08:10:37,238", "funcName": "index_cate1_2"}
{"user": "test51", "sex": "\uc5ec\uc131", "age": 40, "message": "mainpage", "asctime": "2023-12-18 08:10:37,995", "funcName": "index"}
{"user": "test51", "sex": "\uc5ec\uc131", "age": 40, "message": "cate1 \uc591\uc2dd", "asctime": "2023-12-18 08:10:39,871", "funcName": "index_cate1_2"}
{"user": "test51", "sex": "\uc5ec\uc131", "age": 40, "message": "cate1 \uc77c\uc2dd", "asctime": "2023-12-18 08:10:41,348", "funcName": "index_cate1_3"}
{"user": "test51", "sex": "\uc5ec\uc131", "age": 40, "message": "cate1 \uc77c\uc2dd", "asctime": "2023-12-18 08:11:15,491", "funcName": "index_cate1_3"}
{"user": "test51", "sex": "\uc5ec\uc131", "age": 40, "message": "cate1 \ud55c\uc2dd", "asctime": "2023-12-18 08:11:18,336", "funcName": "index_cate1_1"}
{"user": "test51", "sex": "\uc5ec\uc131", "age": 40, "message": "cate1 \uc77c\uc2dd", "asctime": "2023-12-18 08:11:19,732", "funcName": "index_cate1_3"}
{"user": "test51", "sex": "\uc5ec\uc131", "age": 40, "message": "cate1 \uc591\uc2dd", "asctime": "2023-12-18 08:11:23,791", "funcName": "index_cate1_2"}
{"user": "test51", "sex": "\uc5ec\uc131", "age": 40, "message": "mainpage", "asctime": "2023-12-18 08:11:33,794", "funcName": "index"}
{"user": "test51", "sex": "\uc5ec\uc131", "age": 40, "message": "207 detail", "asctime": "2023-12-18 08:11:34,954", "funcName": "post_detail"}
{"user": "test51", "sex": "\uc5ec\uc131", "age": 40, "message": "cate1 \uc591\uc2dd", "asctime": "2023-12-18 08:11:37,993", "funcName": "index_cate1_2"}
{"user": "test51", "sex": "\uc5ec\uc131", "age": 40, "message": "cate1 \uc591\uc2dd", "asctime": "2023-12-18 08:12:35,408", "funcName": "index_cate1_2"}
{"user": "test51", "sex": "\uc5ec\uc131", "age": 40, "message": "mainpage", "asctime": "2023-12-18 08:12:36,794", "funcName": "index"}
{"user": "test51", "sex": "\uc5ec\uc131", "age": 40, "message": "mainpage", "asctime": "2023-12-18 08:12:37,533", "funcName": "index"}
{"user": "test51", "sex": "\uc5ec\uc131", "age": 40, "message": "cate1 \uc591\uc2dd", "asctime": "2023-12-18 08:13:23,348", "funcName": "index_cate1_2"}
{"user": "test51", "sex": "\uc5ec\uc131", "age": 40, "message": "cate1 \uc591\uc2dd", "asctime": "2023-12-18 08:16:18,754", "funcName": "index_cate1_2"}
{"user": "test51", "sex": "\uc5ec\uc131", "age": 40, "message": "cate2 \ubaa8\uc784\uc6a9", "asctime": "2023-12-18 08:16:22,668", "funcName": "index_cate2_1"}
{"user": "test51", "sex": "\uc5ec\uc131", "age": 40, "message": "cate2 \uc6d0\ud32c/\uc2a4\ud53c\ub514", "asctime": "2023-12-18 08:16:25,677", "funcName": "index_cate2_2"}
{"user": "test51", "sex": "\uc5ec\uc131", "age": 40, "message": "cate2 \uc220\uc548\uc8fc", "asctime": "2023-12-18 08:16:28,394", "funcName": "index_cate2_3"}
{"user": "test50", "sex": "\uc5ec\uc131", "age": 26, "message": "loginend", "asctime": "2023-12-18 08:16:37,301", "funcName": "login"}
{"user": "test50", "sex": "\uc5ec\uc131", "age": 26, "message": "mainpage", "asctime": "2023-12-18 08:16:37,436", "funcName": "index"}
{"user": "test50", "sex": "\uc5ec\uc131", "age": 26, "message": "mypage", "asctime": "2023-12-18 08:16:42,232", "funcName": "mypage"}
{"user": "test50", "sex": "\uc5ec\uc131", "age": 26, "message": "write start", "asctime": "2023-12-18 08:16:43,960", "funcName": "create"}
{"user": "test50", "sex": "\uc5ec\uc131", "age": 26, "message": "mainpage", "asctime": "2023-12-18 08:16:45,221", "funcName": "index"}
{"user": "test50", "sex": "\uc5ec\uc131", "age": 26, "message": "cate2 \uc77c\uc0c1", "asctime": "2023-12-18 08:16:47,818", "funcName": "index_cate2_4"}
{"user": "test50", "sex": "\uc5ec\uc131", "age": 26, "message": "cate2 \uc6d0\ud32c/\uc2a4\ud53c\ub514", "asctime": "2023-12-18 08:16:50,004", "funcName": "index_cate2_2"}
{"user": "test50", "sex": "\uc5ec\uc131", "age": 26, "message": "cate2 \uc220\uc548\uc8fc", "asctime": "2023-12-18 08:16:51,544", "funcName": "index_cate2_3"}
{"user": "test50", "sex": "\uc5ec\uc131", "age": 26, "message": "cate3 \uc18c\uace0\uae30", "asctime": "2023-12-18 08:16:53,121", "funcName": "index_cate3_1"}
{"user": "test50", "sex": "\uc5ec\uc131", "age": 26, "message": "cate3 \ub3fc\uc9c0\uace0\uae30", "asctime": "2023-12-18 08:16:54,139", "funcName": "index_cate3_2"}
{"user": "test50", "sex": "\uc5ec\uc131", "age": 26, "message": "cate3 \ub2ed\uace0\uae30", "asctime": "2023-12-18 08:16:55,585", "funcName": "index_cate3_3"}
{"user": "test50", "sex": "\uc5ec\uc131", "age": 26, "message": "cate3 \uc721\ub958", "asctime": "2023-12-18 08:16:56,838", "funcName": "index_cate3_4"}
{"user": "test50", "sex": "\uc5ec\uc131", "age": 26, "message": "mainpage", "asctime": "2023-12-18 08:17:51,809", "funcName": "index"}
{"user": "test50", "sex": "\uc5ec\uc131", "age": 26, "message": "cate3 \ub3fc\uc9c0\uace0\uae30", "asctime": "2023-12-18 08:17:56,737", "funcName": "index_cate3_2"}
{"user": "test50", "sex": "\uc5ec\uc131", "age": 26, "message": "cate3 \ub2ed\uace0\uae30", "asctime": "2023-12-18 08:18:00,017", "funcName": "index_cate3_3"}
{"user": "test50", "sex": "\uc5ec\uc131", "age": 26, "message": "cate3 \ucc44\uc18c", "asctime": "2023-12-18 08:18:03,245", "funcName": "index_cate3_5"}
{"user": "test50", "sex": "\uc5ec\uc131", "age": 26, "message": "cate3 \ud574\ubb3c", "asctime": "2023-12-18 08:18:06,209", "funcName": "index_cate3_7"}
{"user": "test50", "sex": "\uc5ec\uc131", "age": 26, "message": "cate3 \uc300", "asctime": "2023-12-18 08:18:09,530", "funcName": "index_cate3_8"}
{"user": "test50", "sex": "\uc5ec\uc131", "age": 26, "message": "cate3 \ubc00\uac00\ub8e8", "asctime": "2023-12-18 08:18:13,222", "funcName": "index_cate3_9"}
{"user": "test50", "sex": "\uc5ec\uc131", "age": 26, "message": "cate3 \uae30\ud0c0", "asctime": "2023-12-18 08:18:16,093", "funcName": "index_cate3_13"}
{"user": "test50", "sex": "\uc5ec\uc131", "age": 26, "message": "search \ub3fc\uc9c0\uace0\uae30", "asctime": "2023-12-18 08:19:51,021", "funcName": "search"}
{"user": "test50", "sex": "\uc5ec\uc131", "age": 26, "message": "mainpage", "asctime": "2023-12-18 08:19:53,271", "funcName": "index"}
{"user": "test50", "sex": "\uc5ec\uc131", "age": 26, "message": "search \uac10\uc790", "asctime": "2023-12-18 08:19:54,991", "funcName": "search"}
{"user": "test50", "sex": "\uc5ec\uc131", "age": 26, "message": "mainpage", "asctime": "2023-12-18 08:19:57,181", "funcName": "index"}
{"user": "test50", "sex": "\uc5ec\uc131", "age": 26, "message": "search \uae40\uce58", "asctime": "2023-12-18 08:20:45,579", "funcName": "search"}
{"user": "test50", "sex": "\uc5ec\uc131", "age": 26, "message": "search \uae40\uce58", "asctime": "2023-12-18 08:21:11,693", "funcName": "search"}
{"user": "test50", "sex": "\uc5ec\uc131", "age": 26, "message": "search \uae40\uce58", "asctime": "2023-12-18 08:21:18,587", "funcName": "search"}
{"user": "test50", "sex": "\uc5ec\uc131", "age": 26, "message": "search \uae40\uce58", "asctime": "2023-12-18 08:22:02,612", "funcName": "search"}
{"user": "test50", "sex": "\uc5ec\uc131", "age": 26, "message": "search \uae40\uce58", "asctime": "2023-12-18 08:23:47,171", "funcName": "search"}
{"user": "test50", "sex": "\uc5ec\uc131", "age": 26, "message": "search \uae40\uce58", "asctime": "2023-12-18 08:24:03,681", "funcName": "search"}
{"user": "test50", "sex": "\uc5ec\uc131", "age": 26, "message": "10 detail", "asctime": "2023-12-18 08:24:07,049", "funcName": "post_detail"}
{"user": "test50", "sex": "\uc5ec\uc131", "age": 26, "message": "mainpage", "asctime": "2023-12-18 08:24:08,502", "funcName": "index"}
{"user": "test50", "sex": "\uc5ec\uc131", "age": 26, "message": "mainpage", "asctime": "2023-12-18 08:25:27,162", "funcName": "index"}
{"user": "test50", "sex": "\uc5ec\uc131", "age": 26, "message": "search \uae40\uce58", "asctime": "2023-12-18 08:25:29,552", "funcName": "search"}
{"user": "test50", "sex": "\uc5ec\uc131", "age": 26, "message": "mainpage", "asctime": "2023-12-18 08:25:31,304", "funcName": "index"}
{"user": "test50", "sex": "\uc5ec\uc131", "age": 26, "message": "search \ub3fc\uc9c0\uace0\uae30", "asctime": "2023-12-18 08:25:34,038", "funcName": "search"}
{"user": "test50", "sex": "\uc5ec\uc131", "age": 26, "message": "mainpage", "asctime": "2023-12-18 08:25:35,146", "funcName": "index"}
{"user": "test50", "sex": "\uc5ec\uc131", "age": 26, "message": "mainpage", "asctime": "2023-12-18 08:25:53,751", "funcName": "index"}
{"user": "test50", "sex": "\uc5ec\uc131", "age": 26, "message": "search \ud1a0\uc2a4\ud2b8", "asctime": "2023-12-18 08:25:56,790", "funcName": "search"}
{"user": "test50", "sex": "\uc5ec\uc131", "age": 26, "message": "188 detail", "asctime": "2023-12-18 08:25:57,862", "funcName": "post_detail"}
{"user": "test50", "sex": "\uc5ec\uc131", "age": 26, "message": "mainpage", "asctime": "2023-12-18 08:25:59,209", "funcName": "index"}
{"user": "test50", "sex": "\uc5ec\uc131", "age": 26, "message": "search \ucd94\uc5b4\ud0d5", "asctime": "2023-12-18 08:26:04,559", "funcName": "search"}
